
------------------------------------------
Date: Mon Jul 22 17:09:07 2024
------------------------------------------
Item          Qty    Price    Total
------------------------------------------
Hat            1   475.00   475.00
Ball           1   275.00   275.00
------------------------------------------
TOTAL                          750.00
------------------------------------------
------------------------------------------
Date: Mon Jul 22 17:09:48 2024
------------------------------------------
Item          Qty    Price    Total
------------------------------------------
Ball           4   275.00  1100.00
Phone          4   325.00  1300.00
------------------------------------------
TOTAL                         2400.00
------------------------------------------
------------------------------------------
Date: Mon Jul 22 17:12:24 2024
------------------------------------------
Item          Qty    Price    Total
------------------------------------------
Pen            5   224.00  1120.00
------------------------------------------
TOTAL                         1120.00
------------------------------------------
------------------------------------------
Date: Mon Jul 22 17:22:46 2024
------------------------------------------
Item          Qty    Price    Total
------------------------------------------
Hat            1     475.00       475.00
------------------------------------------
TOTAL                          475.00
------------------------------------------
------------------------------------------
Date: Mon Jul 22 17:23:38 2024
------------------------------------------
Item          Qty    Price    Total
------------------------------------------
Ball           1     275.00       275.00
------------------------------------------
TOTAL                          275.00
------------------------------------------
------------------------------------------
Date: Mon Jul 22 17:24:27 2024
------------------------------------------
Item          Qty    Price    Total
------------------------------------------
Ball           1     275.00   275.00
------------------------------------------
TOTAL                          275.00
------------------------------------------
------------------------------------------
Date: Mon Jul 22 17:33:42 2024
------------------------------------------
Item          Qty    Price    Total
------------------------------------------
Phone          1     999.00   999.00
------------------------------------------
TOTAL                         999.00
------------------------------------------
------------------------------------------
Date: Mon Jul 22 17:35:43 2024
------------------------------------------
Item          Qty    Price    Total
------------------------------------------
candy          1     220.00   220.00
------------------------------------------
TOTAL                         220.00
------------------------------------------
------------------------------------------
Date: Thu Aug 01 00:46:29 2024
------------------------------------------
Item          Qty    Price    Total
------------------------------------------
Sandwich       2     150.00   300.00
------------------------------------------
TOTAL                         300.00
------------------------------------------
------------------------------------------
Date: Thu Aug 01 17:07:56 2024
------------------------------------------
Item          Qty    Price    Total
------------------------------------------
candy          2     220.00   440.00
------------------------------------------
TOTAL                         440.00
------------------------------------------
------------------------------------------
Date: Thu Aug 01 22:35:05 2024
------------------------------------------
Item          Qty    Price    Total
------------------------------------------
Pen            2     224.00   448.00
------------------------------------------
TOTAL                         448.00
------------------------------------------
------------------------------------------
Date: Thu Aug 01 22:37:37 2024
------------------------------------------
Item          Qty    Price    Total
------------------------------------------
candy         22     220.00  4840.00
------------------------------------------
TOTAL                        4840.00
------------------------------------------
------------------------------------------
Date: Wed Aug 21 19:34:14 2024
------------------------------------------
Item          Qty    Price    Total
------------------------------------------
Pen            2     224.00   448.00
Ball           1     100.00   100.00
------------------------------------------
TOTAL                         548.00
------------------------------------------
------------------------------------------
Date: Tue Aug 27 00:08:42 2024
------------------------------------------
Item          Qty    Price    Total
------------------------------------------
Pen            2     224.00   448.00
bat            3     475.00  1425.00
Candy          2     880.00  1760.00
------------------------------------------
TOTAL                        3633.00
------------------------------------------
------------------------------------------
Date: Fri Sep 06 21:13:34 2024
------------------------------------------
Item          Qty    Price    Total
------------------------------------------
bat            2     475.00   950.00
Pen            6     224.00  1344.00
------------------------------------------
TOTAL                        2294.00
------------------------------------------
------------------------------------------
Date: Mon Sep 09 10:52:18 2024
------------------------------------------
Item          Qty    Price    Total
------------------------------------------
Pen            2     226.00   452.00
bat            1     475.00   475.00
------------------------------------------
TOTAL                         927.00
------------------------------------------
------------------------------------------
Date: Mon Sep 09 10:54:58 2024
------------------------------------------
Item          Qty    Price    Total
------------------------------------------
Ball           5     100.00   500.00
------------------------------------------
TOTAL                         500.00
------------------------------------------
------------------------------------------
Date: Mon Sep 09 12:51:23 2024
------------------------------------------
Item          Qty    Price    Total
------------------------------------------
Pen            1     226.00   226.00
Pen            1     226.00   226.00
------------------------------------------
TOTAL                         452.00
------------------------------------------
------------------------------------------
Date: Mon Sep 09 13:17:00 2024
------------------------------------------
Item          Qty    Price    Total
------------------------------------------
bat            4     475.00  1900.00
Ball           1     100.00   100.00
------------------------------------------
TOTAL                        2000.00
------------------------------------------
------------------------------------------
Date: Mon Sep 09 19:54:37 2024
------------------------------------------
Item          Qty    Price    Total
------------------------------------------
Ball           2     100.00   200.00
------------------------------------------
TOTAL                         200.00
------------------------------------------
------------------------------------------
Date: Mon Sep 09 21:25:52 2024
------------------------------------------
Item          Qty    Price    Total
------------------------------------------
Ball           2     100.00   200.00
------------------------------------------
TOTAL                         200.00
------------------------------------------
------------------------------------------
Date: Mon Sep 09 22:16:59 2024
------------------------------------------
Item          Qty    Price    Total
------------------------------------------
Pen            4     150.00   600.00
------------------------------------------
TOTAL                         600.00
------------------------------------------
------------------------------------------
Date: Mon Sep 09 22:19:20 2024
------------------------------------------
Item          Qty    Price    Total
------------------------------------------
Ball           2     100.00   200.00
------------------------------------------
TOTAL                         200.00
------------------------------------------
------------------------------------------
Date: Mon Sep 09 23:11:28 2024
------------------------------------------
Item          Qty    Price    Total
------------------------------------------
Pen           10      22.00   220.00
Ball           2     100.00   200.00
------------------------------------------
TOTAL                         420.00
------------------------------------------
